which: no hadoop in (/opt/gnu/gcc/bin:/opt/gnu/bin:/opt/mvapich2/intel/ib/bin:/opt/intel/composer_xe_2013_sp1.2.144/bin/intel64:/opt/intel/composer_xe_2013_sp1.2.144/mpirt/bin/intel64:/opt/intel/composer_xe_2013_sp1.2.144/debugger/gdb/intel64_mic/bin:/usr/lib64/qt-3.3/bin:/usr/local/bin:/bin:/usr/bin:/usr/local/sbin:/usr/sbin:/sbin:/opt/sdsc/bin:/opt/sdsc/sbin:/opt/ibutils/bin:/usr/java/latest/bin:/opt/pdsh/bin:/opt/rocks/bin:/opt/rocks/sbin:/home/gshastri/bin)
19/04/09 10:01:00 INFO pig.ExecTypeProvider: Trying ExecType : LOCAL
19/04/09 10:01:00 INFO pig.ExecTypeProvider: Picked LOCAL as the ExecType
2019-04-09 10:01:00,389 [main] INFO  org.apache.pig.Main - Apache Pig version 0.16.0 (r1746530) compiled Jun 01 2016, 23:09:59
2019-04-09 10:01:00,389 [main] INFO  org.apache.pig.Main - Logging error messages to: /home/gshastri/project6/pig_1554829260388.log
2019-04-09 10:01:00,765 [main] INFO  org.apache.pig.impl.util.Utils - Default bootup file /home/gshastri/.pigbootup not found
2019-04-09 10:01:01,037 [main] INFO  org.apache.pig.backend.hadoop.executionengine.HExecutionEngine - Connecting to hadoop file system at: file:///
2019-04-09 10:01:01,085 [main] INFO  org.apache.pig.PigServer - Pig Script ID for the session: 
2019-04-09 10:01:01,085 [main] WARN  org.apache.pig.PigServer - ATS is disabled since yarn.timeline-service.enabled set to false
2019-04-09 10:01:01,786 [main] WARN  org.apache.hadoop.util.NativeCodeLoader - Unable to load native-hadoop library for your platform... using builtin-java classes where applicable
2019-04-09 10:01:01,840 [main] INFO  org.apache.pig.tools.pigstats.ScriptState - Pig features used in the script: GROUP_BY
2019-04-09 10:01:01,879 [main] INFO  org.apache.pig.newplan.logical.optimizer.LogicalPlanOptimizer - {RULES_ENABLED=[AddForEach, ColumnMapKeyPrune, ConstantCalculator, GroupByConstParallelSetter, LimitOptimizer, LoadTypeCastInserter, MergeFilter, MergeForEach, PartitionFilterOptimizer, PredicatePushdownOptimizer, PushDownForEachFlatten, PushUpFilter, SplitFilter, StreamTypeCastInserter]}
2019-04-09 10:01:01,960 [main] INFO  org.apache.pig.impl.util.SpillableMemoryManager - Selected heap (PS Old Gen) of size 699400192 to monitor. collectionUsageThreshold = 489580128, usageThreshold = 489580128
2019-04-09 10:01:01,998 [main] INFO  org.apache.pig.backend.hadoop.executionengine.mapReduceLayer.MRCompiler - File concatenation threshold: 100 optimistic? false
2019-04-09 10:01:02,012 [main] INFO  org.apache.pig.backend.hadoop.executionengine.util.CombinerOptimizerUtil - Choosing to move algebraic foreach to combiner
2019-04-09 10:01:02,020 [main] INFO  org.apache.pig.backend.hadoop.executionengine.util.CombinerOptimizerUtil - Choosing to move algebraic foreach to combiner
2019-04-09 10:01:02,036 [main] INFO  org.apache.pig.backend.hadoop.executionengine.mapReduceLayer.MultiQueryOptimizer - MR plan size before optimization: 2
2019-04-09 10:01:02,036 [main] INFO  org.apache.pig.backend.hadoop.executionengine.mapReduceLayer.MultiQueryOptimizer - MR plan size after optimization: 2
2019-04-09 10:01:02,087 [main] INFO  org.apache.pig.tools.pigstats.mapreduce.MRScriptState - Pig script settings are added to the job
2019-04-09 10:01:02,110 [main] INFO  org.apache.pig.backend.hadoop.executionengine.mapReduceLayer.JobControlCompiler - mapred.job.reduce.markreset.buffer.percent is not set, set to default 0.3
2019-04-09 10:01:02,113 [main] INFO  org.apache.pig.backend.hadoop.executionengine.mapReduceLayer.JobControlCompiler - Reduce phase detected, estimating # of required reducers.
2019-04-09 10:01:02,114 [main] INFO  org.apache.pig.backend.hadoop.executionengine.mapReduceLayer.JobControlCompiler - Using reducer estimator: org.apache.pig.backend.hadoop.executionengine.mapReduceLayer.InputSizeReducerEstimator
2019-04-09 10:01:02,120 [main] INFO  org.apache.pig.backend.hadoop.executionengine.mapReduceLayer.InputSizeReducerEstimator - BytesPerReducer=1000000000 maxReducers=999 totalInputFileSize=165
2019-04-09 10:01:02,120 [main] INFO  org.apache.pig.backend.hadoop.executionengine.mapReduceLayer.JobControlCompiler - Setting Parallelism to 1
2019-04-09 10:01:02,133 [main] INFO  org.apache.pig.backend.hadoop.executionengine.mapReduceLayer.JobControlCompiler - Setting up single store job
2019-04-09 10:01:02,139 [main] INFO  org.apache.pig.data.SchemaTupleFrontend - Key [pig.schematuple] is false, will not generate code.
2019-04-09 10:01:02,139 [main] INFO  org.apache.pig.data.SchemaTupleFrontend - Starting process to move generated code to distributed cacche
2019-04-09 10:01:02,139 [main] INFO  org.apache.pig.data.SchemaTupleFrontend - Distributed cache not supported or needed in local mode. Setting key [pig.schematuple.local.dir] with code temp directory: /tmp/1554829262139-0
2019-04-09 10:01:02,260 [main] INFO  org.apache.pig.backend.hadoop.executionengine.mapReduceLayer.MapReduceLauncher - 1 map-reduce job(s) waiting for submission.
2019-04-09 10:01:02,281 [JobControl] WARN  org.apache.hadoop.mapred.JobClient - No job jar file set.  User classes may not be found. See JobConf(Class) or JobConf#setJar(String).
2019-04-09 10:01:02,304 [JobControl] INFO  org.apache.pig.builtin.PigStorage - Using PigTextInputFormat
2019-04-09 10:01:02,306 [JobControl] INFO  org.apache.hadoop.mapreduce.lib.input.FileInputFormat - Total input paths to process : 1
2019-04-09 10:01:02,306 [JobControl] INFO  org.apache.pig.backend.hadoop.executionengine.util.MapRedUtil - Total input paths to process : 1
2019-04-09 10:01:02,329 [JobControl] WARN  org.apache.hadoop.io.compress.snappy.LoadSnappy - Snappy native library is available
2019-04-09 10:01:02,329 [JobControl] WARN  org.apache.hadoop.io.compress.snappy.LoadSnappy - Snappy native library not loaded
2019-04-09 10:01:02,332 [JobControl] INFO  org.apache.pig.backend.hadoop.executionengine.util.MapRedUtil - Total input paths (combined) to process : 1
2019-04-09 10:01:02,761 [main] INFO  org.apache.pig.backend.hadoop.executionengine.mapReduceLayer.MapReduceLauncher - 0% complete
2019-04-09 10:01:03,138 [Thread-3] INFO  org.apache.hadoop.util.ProcessTree - setsid exited with exit code 0
2019-04-09 10:01:03,166 [Thread-3] INFO  org.apache.hadoop.mapred.Task -  Using ResourceCalculatorPlugin : org.apache.hadoop.util.LinuxResourceCalculatorPlugin@6999c046
2019-04-09 10:01:03,183 [Thread-3] INFO  org.apache.pig.builtin.PigStorage - Using PigTextInputFormat
2019-04-09 10:01:03,184 [Thread-3] INFO  org.apache.pig.backend.hadoop.executionengine.mapReduceLayer.PigRecordReader - Current split being processed file:/home/gshastri/project6/small-graph.txt:0+165
2019-04-09 10:01:03,203 [Thread-3] INFO  org.apache.hadoop.mapred.MapTask - io.sort.mb = 100
2019-04-09 10:01:03,246 [Thread-3] INFO  org.apache.hadoop.mapred.MapTask - data buffer = 79691776/99614720
2019-04-09 10:01:03,246 [Thread-3] INFO  org.apache.hadoop.mapred.MapTask - record buffer = 262144/327680
2019-04-09 10:01:03,254 [Thread-3] INFO  org.apache.pig.impl.util.SpillableMemoryManager - Selected heap (PS Old Gen) of size 699400192 to monitor. collectionUsageThreshold = 489580128, usageThreshold = 489580128
2019-04-09 10:01:03,255 [Thread-3] INFO  org.apache.pig.data.SchemaTupleBackend - Key [pig.schematuple] was not set... will not generate code.
2019-04-09 10:01:03,270 [Thread-3] INFO  org.apache.pig.backend.hadoop.executionengine.mapReduceLayer.PigGenericMapReduce$Map - Aliases being processed per job phase (AliasName[line,offset]): M: IG[1,5],IG[-1,-1],N[3,6],GRP[2,6] C: N[3,6],GRP[2,6] R: N[3,6]
2019-04-09 10:01:03,298 [Thread-3] INFO  org.apache.hadoop.mapred.MapTask - Starting flush of map output
2019-04-09 10:01:03,338 [Thread-3] INFO  org.apache.pig.backend.hadoop.executionengine.mapReduceLayer.PigCombiner$Combine - Aliases being processed per job phase (AliasName[line,offset]): M: IG[1,5],IG[-1,-1],N[3,6],GRP[2,6] C: N[3,6],GRP[2,6] R: N[3,6]
2019-04-09 10:01:03,353 [Thread-3] INFO  org.apache.hadoop.mapred.MapTask - Finished spill 0
2019-04-09 10:01:03,371 [Thread-3] INFO  org.apache.hadoop.mapred.Task - Task:attempt_local_0001_m_000000_0 is done. And is in the process of commiting
2019-04-09 10:01:03,380 [main] INFO  org.apache.pig.backend.hadoop.executionengine.mapReduceLayer.MapReduceLauncher - HadoopJobId: job_local_0001
2019-04-09 10:01:03,380 [main] INFO  org.apache.pig.backend.hadoop.executionengine.mapReduceLayer.MapReduceLauncher - Processing aliases GRP,IG,N
2019-04-09 10:01:03,380 [main] INFO  org.apache.pig.backend.hadoop.executionengine.mapReduceLayer.MapReduceLauncher - detailed locations: M: IG[1,5],IG[-1,-1],N[3,6],GRP[2,6] C: N[3,6],GRP[2,6] R: N[3,6]
2019-04-09 10:01:05,959 [Thread-3] INFO  org.apache.hadoop.mapred.LocalJobRunner - 
2019-04-09 10:01:05,959 [Thread-3] INFO  org.apache.hadoop.mapred.Task - Task 'attempt_local_0001_m_000000_0' done.
2019-04-09 10:01:05,968 [Thread-3] INFO  org.apache.hadoop.mapred.Task -  Using ResourceCalculatorPlugin : org.apache.hadoop.util.LinuxResourceCalculatorPlugin@11755fbd
2019-04-09 10:01:05,968 [Thread-3] INFO  org.apache.hadoop.mapred.LocalJobRunner - 
2019-04-09 10:01:05,971 [Thread-3] INFO  org.apache.hadoop.mapred.Merger - Merging 1 sorted segments
2019-04-09 10:01:06,012 [Thread-3] INFO  org.apache.hadoop.mapred.Merger - Down to the last merge-pass, with 1 segments left of total size: 120 bytes
2019-04-09 10:01:06,012 [Thread-3] INFO  org.apache.hadoop.mapred.LocalJobRunner - 
2019-04-09 10:01:06,031 [Thread-3] INFO  org.apache.pig.impl.util.SpillableMemoryManager - Selected heap (PS Old Gen) of size 699400192 to monitor. collectionUsageThreshold = 489580128, usageThreshold = 489580128
2019-04-09 10:01:06,032 [Thread-3] WARN  org.apache.pig.data.SchemaTupleBackend - SchemaTupleBackend has already been initialized
2019-04-09 10:01:06,036 [Thread-3] INFO  org.apache.pig.backend.hadoop.executionengine.mapReduceLayer.PigMapReduce$Reduce - Aliases being processed per job phase (AliasName[line,offset]): M: IG[1,5],IG[-1,-1],N[3,6],GRP[2,6] C: N[3,6],GRP[2,6] R: N[3,6]
2019-04-09 10:01:06,037 [Thread-3] INFO  org.apache.hadoop.mapred.Task - Task:attempt_local_0001_r_000000_0 is done. And is in the process of commiting
2019-04-09 10:01:06,038 [Thread-3] INFO  org.apache.hadoop.mapred.LocalJobRunner - 
2019-04-09 10:01:06,038 [Thread-3] INFO  org.apache.hadoop.mapred.Task - Task attempt_local_0001_r_000000_0 is allowed to commit now
2019-04-09 10:01:06,040 [Thread-3] INFO  org.apache.hadoop.mapreduce.lib.output.FileOutputCommitter - Saved output of task 'attempt_local_0001_r_000000_0' to file:/tmp/temp-2098504078/tmp-1519251355
2019-04-09 10:01:06,384 [main] INFO  org.apache.pig.backend.hadoop.executionengine.mapReduceLayer.MapReduceLauncher - 25% complete
2019-04-09 10:01:06,386 [main] INFO  org.apache.pig.backend.hadoop.executionengine.mapReduceLayer.MapReduceLauncher - Running jobs are [job_local_0001]
2019-04-09 10:01:08,977 [Thread-3] INFO  org.apache.hadoop.mapred.LocalJobRunner - reduce > reduce
2019-04-09 10:01:08,978 [Thread-3] INFO  org.apache.hadoop.mapred.Task - Task 'attempt_local_0001_r_000000_0' done.
2019-04-09 10:01:09,387 [main] INFO  org.apache.pig.backend.hadoop.executionengine.mapReduceLayer.MapReduceLauncher - 50% complete
2019-04-09 10:01:09,413 [main] INFO  org.apache.pig.tools.pigstats.mapreduce.MRScriptState - Pig script settings are added to the job
2019-04-09 10:01:09,414 [main] INFO  org.apache.pig.backend.hadoop.executionengine.mapReduceLayer.JobControlCompiler - mapred.job.reduce.markreset.buffer.percent is not set, set to default 0.3
2019-04-09 10:01:09,414 [main] INFO  org.apache.pig.backend.hadoop.executionengine.mapReduceLayer.JobControlCompiler - Reduce phase detected, estimating # of required reducers.
2019-04-09 10:01:09,414 [main] INFO  org.apache.pig.backend.hadoop.executionengine.mapReduceLayer.JobControlCompiler - Using reducer estimator: org.apache.pig.backend.hadoop.executionengine.mapReduceLayer.InputSizeReducerEstimator
2019-04-09 10:01:09,415 [main] INFO  org.apache.pig.backend.hadoop.executionengine.mapReduceLayer.InputSizeReducerEstimator - BytesPerReducer=1000000000 maxReducers=999 totalInputFileSize=78
2019-04-09 10:01:09,415 [main] INFO  org.apache.pig.backend.hadoop.executionengine.mapReduceLayer.JobControlCompiler - Setting Parallelism to 1
2019-04-09 10:01:09,425 [main] INFO  org.apache.pig.backend.hadoop.executionengine.mapReduceLayer.JobControlCompiler - Setting up single store job
2019-04-09 10:01:09,435 [main] INFO  org.apache.pig.backend.hadoop.executionengine.mapReduceLayer.MapReduceLauncher - 1 map-reduce job(s) waiting for submission.
2019-04-09 10:01:09,468 [JobControl] WARN  org.apache.hadoop.mapred.JobClient - No job jar file set.  User classes may not be found. See JobConf(Class) or JobConf#setJar(String).
2019-04-09 10:01:09,480 [JobControl] INFO  org.apache.hadoop.mapreduce.lib.input.FileInputFormat - Total input paths to process : 1
2019-04-09 10:01:09,480 [JobControl] INFO  org.apache.pig.backend.hadoop.executionengine.util.MapRedUtil - Total input paths to process : 1
2019-04-09 10:01:09,480 [JobControl] INFO  org.apache.pig.backend.hadoop.executionengine.util.MapRedUtil - Total input paths (combined) to process : 1
2019-04-09 10:01:09,614 [Thread-9] INFO  org.apache.hadoop.mapred.Task -  Using ResourceCalculatorPlugin : org.apache.hadoop.util.LinuxResourceCalculatorPlugin@347dd4e5
2019-04-09 10:01:09,645 [Thread-9] INFO  org.apache.pig.backend.hadoop.executionengine.mapReduceLayer.PigRecordReader - Current split being processed file:/tmp/temp-2098504078/tmp-1519251355/part-r-00000:0+78
2019-04-09 10:01:09,646 [Thread-9] INFO  org.apache.hadoop.mapred.MapTask - io.sort.mb = 100
2019-04-09 10:01:09,794 [Thread-9] INFO  org.apache.hadoop.mapred.MapTask - data buffer = 79691776/99614720
2019-04-09 10:01:09,794 [Thread-9] INFO  org.apache.hadoop.mapred.MapTask - record buffer = 262144/327680
2019-04-09 10:01:09,824 [Thread-9] INFO  org.apache.pig.impl.util.SpillableMemoryManager - Selected heap (PS Old Gen) of size 699400192 to monitor. collectionUsageThreshold = 489580128, usageThreshold = 489580128
2019-04-09 10:01:09,824 [Thread-9] WARN  org.apache.pig.data.SchemaTupleBackend - SchemaTupleBackend has already been initialized
2019-04-09 10:01:09,837 [Thread-9] INFO  org.apache.pig.backend.hadoop.executionengine.mapReduceLayer.PigGenericMapReduce$Map - Aliases being processed per job phase (AliasName[line,offset]): M: S[5,4],C[4,4] C: S[5,4],C[4,4] R: S[5,4]
2019-04-09 10:01:09,838 [Thread-9] INFO  org.apache.hadoop.mapred.MapTask - Starting flush of map output
2019-04-09 10:01:09,883 [Thread-9] INFO  org.apache.hadoop.mapred.MapTask - Finished spill 0
2019-04-09 10:01:09,884 [Thread-9] INFO  org.apache.hadoop.mapred.Task - Task:attempt_local_0002_m_000000_0 is done. And is in the process of commiting
2019-04-09 10:01:09,965 [main] INFO  org.apache.pig.backend.hadoop.executionengine.mapReduceLayer.MapReduceLauncher - HadoopJobId: job_local_0002
2019-04-09 10:01:09,965 [main] INFO  org.apache.pig.backend.hadoop.executionengine.mapReduceLayer.MapReduceLauncher - Processing aliases C,S
2019-04-09 10:01:09,965 [main] INFO  org.apache.pig.backend.hadoop.executionengine.mapReduceLayer.MapReduceLauncher - detailed locations: M: S[5,4],C[4,4] C: S[5,4],C[4,4] R: S[5,4]
2019-04-09 10:01:12,629 [Thread-9] INFO  org.apache.hadoop.mapred.LocalJobRunner - 
2019-04-09 10:01:12,631 [Thread-9] INFO  org.apache.hadoop.mapred.Task - Task 'attempt_local_0002_m_000000_0' done.
2019-04-09 10:01:12,638 [Thread-9] INFO  org.apache.hadoop.mapred.Task -  Using ResourceCalculatorPlugin : org.apache.hadoop.util.LinuxResourceCalculatorPlugin@742b79e5
2019-04-09 10:01:12,638 [Thread-9] INFO  org.apache.hadoop.mapred.LocalJobRunner - 
2019-04-09 10:01:12,639 [Thread-9] INFO  org.apache.hadoop.mapred.Merger - Merging 1 sorted segments
2019-04-09 10:01:12,647 [Thread-9] INFO  org.apache.hadoop.mapred.Merger - Down to the last merge-pass, with 1 segments left of total size: 90 bytes
2019-04-09 10:01:12,647 [Thread-9] INFO  org.apache.hadoop.mapred.LocalJobRunner - 
2019-04-09 10:01:12,649 [Thread-9] INFO  org.apache.pig.impl.util.SpillableMemoryManager - Selected heap (PS Old Gen) of size 699400192 to monitor. collectionUsageThreshold = 489580128, usageThreshold = 489580128
2019-04-09 10:01:12,649 [Thread-9] WARN  org.apache.pig.data.SchemaTupleBackend - SchemaTupleBackend has already been initialized
2019-04-09 10:01:12,660 [Thread-9] INFO  org.apache.pig.backend.hadoop.executionengine.mapReduceLayer.PigMapReduce$Reduce - Aliases being processed per job phase (AliasName[line,offset]): M: S[5,4],C[4,4] C: S[5,4],C[4,4] R: S[5,4]
2019-04-09 10:01:12,663 [Thread-9] INFO  org.apache.hadoop.mapred.Task - Task:attempt_local_0002_r_000000_0 is done. And is in the process of commiting
2019-04-09 10:01:12,663 [Thread-9] INFO  org.apache.hadoop.mapred.LocalJobRunner - 
2019-04-09 10:01:12,665 [Thread-9] INFO  org.apache.hadoop.mapred.Task - Task attempt_local_0002_r_000000_0 is allowed to commit now
2019-04-09 10:01:12,667 [Thread-9] INFO  org.apache.hadoop.mapreduce.lib.output.FileOutputCommitter - Saved output of task 'attempt_local_0002_r_000000_0' to file:/tmp/temp-2098504078/tmp1323398961
2019-04-09 10:01:12,968 [main] INFO  org.apache.pig.backend.hadoop.executionengine.mapReduceLayer.MapReduceLauncher - 75% complete
2019-04-09 10:01:12,968 [main] INFO  org.apache.pig.backend.hadoop.executionengine.mapReduceLayer.MapReduceLauncher - Running jobs are [job_local_0002]
2019-04-09 10:01:15,664 [communication thread] INFO  org.apache.hadoop.mapred.LocalJobRunner - reduce > reduce
2019-04-09 10:01:15,666 [Thread-9] INFO  org.apache.hadoop.mapred.LocalJobRunner - reduce > reduce
2019-04-09 10:01:15,667 [Thread-9] INFO  org.apache.hadoop.mapred.Task - Task 'attempt_local_0002_r_000000_0' done.
2019-04-09 10:01:15,972 [main] INFO  org.apache.pig.backend.hadoop.executionengine.mapReduceLayer.MapReduceLauncher - 100% complete
2019-04-09 10:01:15,973 [main] INFO  org.apache.pig.tools.pigstats.mapreduce.SimplePigStats - Script Statistics: 

HadoopVersion	PigVersion	UserId	StartedAt	FinishedAt	Features
1.0.4	0.16.0	gshastri	2019-04-09 10:01:02	2019-04-09 10:01:15	GROUP_BY

Success!

Job Stats (time in seconds):
JobId	Maps	Reduces	MaxMapTime	MinMapTime	AvgMapTime	MedianMapTime	MaxReduceTime	MinReduceTime	AvgReduceTime	MedianReducetime	Alias	Feature	Outputs
job_local_0001	1	1	n/a	n/a	n/a	n/a	n/a	n/a	n/a	n/a	GRP,IG,N	GROUP_BY,COMBINER	
job_local_0002	1	1	n/a	n/a	n/a	n/a	n/a	n/a	n/a	n/a	C,S	GROUP_BY,COMBINER	file:/tmp/temp-2098504078/tmp1323398961,

Input(s):
Successfully read 31 records from: "file:///home/gshastri/project6/small-graph.txt"

Output(s):
Successfully stored 5 records in: "file:/tmp/temp-2098504078/tmp1323398961"

Counters:
Total records written : 5
Total bytes written : 0
Spillable Memory Manager spill count : 0
Total bags proactively spilled: 0
Total records proactively spilled: 0

Job DAG:
job_local_0001	->	job_local_0002,
job_local_0002


2019-04-09 10:01:15,975 [main] INFO  org.apache.pig.backend.hadoop.executionengine.mapReduceLayer.MapReduceLauncher - Success!
2019-04-09 10:01:15,976 [main] WARN  org.apache.pig.data.SchemaTupleBackend - SchemaTupleBackend has already been initialized
2019-04-09 10:01:15,977 [main] INFO  org.apache.hadoop.mapreduce.lib.input.FileInputFormat - Total input paths to process : 1
2019-04-09 10:01:15,977 [main] INFO  org.apache.pig.backend.hadoop.executionengine.util.MapRedUtil - Total input paths to process : 1
(2,2)
(3,2)
(4,1)
(5,2)
(7,1)
2019-04-09 10:01:16,061 [main] INFO  org.apache.pig.tools.pigstats.ScriptState - Pig features used in the script: GROUP_BY
2019-04-09 10:01:16,097 [main] INFO  org.apache.pig.data.SchemaTupleBackend - Key [pig.schematuple] was not set... will not generate code.
2019-04-09 10:01:16,097 [main] INFO  org.apache.pig.newplan.logical.optimizer.LogicalPlanOptimizer - {RULES_ENABLED=[AddForEach, ColumnMapKeyPrune, ConstantCalculator, GroupByConstParallelSetter, LimitOptimizer, LoadTypeCastInserter, MergeFilter, MergeForEach, PartitionFilterOptimizer, PredicatePushdownOptimizer, PushDownForEachFlatten, PushUpFilter, SplitFilter, StreamTypeCastInserter]}
2019-04-09 10:01:16,099 [main] INFO  org.apache.pig.backend.hadoop.executionengine.mapReduceLayer.MRCompiler - File concatenation threshold: 100 optimistic? false
2019-04-09 10:01:16,100 [main] INFO  org.apache.pig.backend.hadoop.executionengine.util.CombinerOptimizerUtil - Choosing to move algebraic foreach to combiner
2019-04-09 10:01:16,100 [main] INFO  org.apache.pig.backend.hadoop.executionengine.util.CombinerOptimizerUtil - Choosing to move algebraic foreach to combiner
2019-04-09 10:01:16,101 [main] INFO  org.apache.pig.backend.hadoop.executionengine.mapReduceLayer.MultiQueryOptimizer - MR plan size before optimization: 2
2019-04-09 10:01:16,101 [main] INFO  org.apache.pig.backend.hadoop.executionengine.mapReduceLayer.MultiQueryOptimizer - MR plan size after optimization: 2
2019-04-09 10:01:16,131 [main] INFO  org.apache.pig.tools.pigstats.mapreduce.MRScriptState - Pig script settings are added to the job
2019-04-09 10:01:16,131 [main] INFO  org.apache.pig.backend.hadoop.executionengine.mapReduceLayer.JobControlCompiler - mapred.job.reduce.markreset.buffer.percent is not set, set to default 0.3
2019-04-09 10:01:16,132 [main] INFO  org.apache.pig.backend.hadoop.executionengine.mapReduceLayer.JobControlCompiler - Reduce phase detected, estimating # of required reducers.
2019-04-09 10:01:16,132 [main] INFO  org.apache.pig.backend.hadoop.executionengine.mapReduceLayer.JobControlCompiler - Using reducer estimator: org.apache.pig.backend.hadoop.executionengine.mapReduceLayer.InputSizeReducerEstimator
2019-04-09 10:01:16,132 [main] INFO  org.apache.pig.backend.hadoop.executionengine.mapReduceLayer.InputSizeReducerEstimator - BytesPerReducer=1000000000 maxReducers=999 totalInputFileSize=165
2019-04-09 10:01:16,132 [main] INFO  org.apache.pig.backend.hadoop.executionengine.mapReduceLayer.JobControlCompiler - Setting Parallelism to 1
2019-04-09 10:01:16,133 [main] INFO  org.apache.pig.backend.hadoop.executionengine.mapReduceLayer.JobControlCompiler - Setting up single store job
2019-04-09 10:01:16,133 [main] INFO  org.apache.pig.data.SchemaTupleFrontend - Key [pig.schematuple] is false, will not generate code.
2019-04-09 10:01:16,133 [main] INFO  org.apache.pig.data.SchemaTupleFrontend - Starting process to move generated code to distributed cacche
2019-04-09 10:01:16,133 [main] INFO  org.apache.pig.data.SchemaTupleFrontend - Distributed cache not supported or needed in local mode. Setting key [pig.schematuple.local.dir] with code temp directory: /tmp/1554829276133-0
2019-04-09 10:01:16,178 [main] INFO  org.apache.pig.backend.hadoop.executionengine.mapReduceLayer.MapReduceLauncher - 1 map-reduce job(s) waiting for submission.
2019-04-09 10:01:16,180 [JobControl] WARN  org.apache.hadoop.mapred.JobClient - No job jar file set.  User classes may not be found. See JobConf(Class) or JobConf#setJar(String).
2019-04-09 10:01:16,183 [JobControl] INFO  org.apache.pig.builtin.PigStorage - Using PigTextInputFormat
2019-04-09 10:01:16,184 [JobControl] INFO  org.apache.hadoop.mapreduce.lib.input.FileInputFormat - Total input paths to process : 1
2019-04-09 10:01:16,184 [JobControl] INFO  org.apache.pig.backend.hadoop.executionengine.util.MapRedUtil - Total input paths to process : 1
2019-04-09 10:01:16,184 [JobControl] INFO  org.apache.pig.backend.hadoop.executionengine.util.MapRedUtil - Total input paths (combined) to process : 1
2019-04-09 10:01:16,251 [Thread-12] INFO  org.apache.hadoop.mapred.Task -  Using ResourceCalculatorPlugin : org.apache.hadoop.util.LinuxResourceCalculatorPlugin@3d84d247
2019-04-09 10:01:16,253 [Thread-12] INFO  org.apache.pig.builtin.PigStorage - Using PigTextInputFormat
2019-04-09 10:01:16,253 [Thread-12] INFO  org.apache.pig.backend.hadoop.executionengine.mapReduceLayer.PigRecordReader - Current split being processed file:/home/gshastri/project6/small-graph.txt:0+165
2019-04-09 10:01:16,253 [Thread-12] INFO  org.apache.hadoop.mapred.MapTask - io.sort.mb = 100
2019-04-09 10:01:16,275 [Thread-12] INFO  org.apache.hadoop.mapred.MapTask - data buffer = 79691776/99614720
2019-04-09 10:01:16,275 [Thread-12] INFO  org.apache.hadoop.mapred.MapTask - record buffer = 262144/327680
2019-04-09 10:01:16,278 [Thread-12] INFO  org.apache.pig.impl.util.SpillableMemoryManager - Selected heap (PS Old Gen) of size 699400192 to monitor. collectionUsageThreshold = 489580128, usageThreshold = 489580128
2019-04-09 10:01:16,278 [Thread-12] INFO  org.apache.pig.data.SchemaTupleBackend - Key [pig.schematuple] was not set... will not generate code.
2019-04-09 10:01:16,280 [Thread-12] INFO  org.apache.pig.backend.hadoop.executionengine.mapReduceLayer.PigGenericMapReduce$Map - Aliases being processed per job phase (AliasName[line,offset]): M: IG[1,5],IG[-1,-1],N[3,6],GRP[2,6] C: N[3,6],GRP[2,6] R: N[3,6]
2019-04-09 10:01:16,295 [Thread-12] INFO  org.apache.hadoop.mapred.MapTask - Starting flush of map output
2019-04-09 10:01:16,301 [Thread-12] INFO  org.apache.hadoop.mapred.MapTask - Finished spill 0
2019-04-09 10:01:16,346 [Thread-12] INFO  org.apache.hadoop.mapred.Task - Task:attempt_local_0003_m_000000_0 is done. And is in the process of commiting
2019-04-09 10:01:16,679 [main] INFO  org.apache.pig.backend.hadoop.executionengine.mapReduceLayer.MapReduceLauncher - HadoopJobId: job_local_0003
2019-04-09 10:01:16,679 [main] INFO  org.apache.pig.backend.hadoop.executionengine.mapReduceLayer.MapReduceLauncher - Processing aliases GRP,IG,N
2019-04-09 10:01:16,679 [main] INFO  org.apache.pig.backend.hadoop.executionengine.mapReduceLayer.MapReduceLauncher - detailed locations: M: IG[1,5],IG[-1,-1],N[3,6],GRP[2,6] C: N[3,6],GRP[2,6] R: N[3,6]
2019-04-09 10:01:16,680 [main] INFO  org.apache.pig.backend.hadoop.executionengine.mapReduceLayer.MapReduceLauncher - 0% complete
2019-04-09 10:01:16,680 [main] INFO  org.apache.pig.backend.hadoop.executionengine.mapReduceLayer.MapReduceLauncher - Running jobs are [job_local_0003]
2019-04-09 10:01:19,273 [Thread-12] INFO  org.apache.hadoop.mapred.LocalJobRunner - 
2019-04-09 10:01:19,274 [Thread-12] INFO  org.apache.hadoop.mapred.Task - Task 'attempt_local_0003_m_000000_0' done.
2019-04-09 10:01:19,280 [Thread-12] INFO  org.apache.hadoop.mapred.Task -  Using ResourceCalculatorPlugin : org.apache.hadoop.util.LinuxResourceCalculatorPlugin@197dc16f
2019-04-09 10:01:19,281 [Thread-12] INFO  org.apache.hadoop.mapred.LocalJobRunner - 
2019-04-09 10:01:19,281 [Thread-12] INFO  org.apache.hadoop.mapred.Merger - Merging 1 sorted segments
2019-04-09 10:01:19,281 [Thread-12] INFO  org.apache.hadoop.mapred.Merger - Down to the last merge-pass, with 1 segments left of total size: 120 bytes
2019-04-09 10:01:19,281 [Thread-12] INFO  org.apache.hadoop.mapred.LocalJobRunner - 
2019-04-09 10:01:19,283 [Thread-12] INFO  org.apache.pig.impl.util.SpillableMemoryManager - Selected heap (PS Old Gen) of size 699400192 to monitor. collectionUsageThreshold = 489580128, usageThreshold = 489580128
2019-04-09 10:01:19,283 [Thread-12] WARN  org.apache.pig.data.SchemaTupleBackend - SchemaTupleBackend has already been initialized
2019-04-09 10:01:19,285 [Thread-12] INFO  org.apache.pig.backend.hadoop.executionengine.mapReduceLayer.PigMapReduce$Reduce - Aliases being processed per job phase (AliasName[line,offset]): M: IG[1,5],IG[-1,-1],N[3,6],GRP[2,6] C: N[3,6],GRP[2,6] R: N[3,6]
2019-04-09 10:01:19,321 [Thread-12] INFO  org.apache.hadoop.mapred.Task - Task:attempt_local_0003_r_000000_0 is done. And is in the process of commiting
2019-04-09 10:01:19,322 [Thread-12] INFO  org.apache.hadoop.mapred.LocalJobRunner - 
2019-04-09 10:01:19,322 [Thread-12] INFO  org.apache.hadoop.mapred.Task - Task attempt_local_0003_r_000000_0 is allowed to commit now
2019-04-09 10:01:19,323 [Thread-12] INFO  org.apache.hadoop.mapreduce.lib.output.FileOutputCommitter - Saved output of task 'attempt_local_0003_r_000000_0' to file:/tmp/temp-2098504078/tmp1837145982
2019-04-09 10:01:19,339 [Thread-12] INFO  org.apache.hadoop.mapred.LocalJobRunner - reduce > reduce
2019-04-09 10:01:19,340 [Thread-12] INFO  org.apache.hadoop.mapred.Task - Task 'attempt_local_0003_r_000000_0' done.
2019-04-09 10:01:19,681 [main] INFO  org.apache.pig.backend.hadoop.executionengine.mapReduceLayer.MapReduceLauncher - 50% complete
2019-04-09 10:01:19,683 [main] INFO  org.apache.pig.tools.pigstats.mapreduce.MRScriptState - Pig script settings are added to the job
2019-04-09 10:01:19,683 [main] INFO  org.apache.pig.backend.hadoop.executionengine.mapReduceLayer.JobControlCompiler - mapred.job.reduce.markreset.buffer.percent is not set, set to default 0.3
2019-04-09 10:01:19,683 [main] INFO  org.apache.pig.backend.hadoop.executionengine.mapReduceLayer.JobControlCompiler - Reduce phase detected, estimating # of required reducers.
2019-04-09 10:01:19,683 [main] INFO  org.apache.pig.backend.hadoop.executionengine.mapReduceLayer.JobControlCompiler - Using reducer estimator: org.apache.pig.backend.hadoop.executionengine.mapReduceLayer.InputSizeReducerEstimator
2019-04-09 10:01:19,684 [main] INFO  org.apache.pig.backend.hadoop.executionengine.mapReduceLayer.InputSizeReducerEstimator - BytesPerReducer=1000000000 maxReducers=999 totalInputFileSize=78
2019-04-09 10:01:19,684 [main] INFO  org.apache.pig.backend.hadoop.executionengine.mapReduceLayer.JobControlCompiler - Setting Parallelism to 1
2019-04-09 10:01:19,685 [main] INFO  org.apache.pig.backend.hadoop.executionengine.mapReduceLayer.JobControlCompiler - Setting up single store job
2019-04-09 10:01:19,691 [main] INFO  org.apache.pig.backend.hadoop.executionengine.mapReduceLayer.MapReduceLauncher - 1 map-reduce job(s) waiting for submission.
2019-04-09 10:01:19,717 [JobControl] WARN  org.apache.hadoop.mapred.JobClient - No job jar file set.  User classes may not be found. See JobConf(Class) or JobConf#setJar(String).
2019-04-09 10:01:19,741 [JobControl] INFO  org.apache.hadoop.mapreduce.lib.input.FileInputFormat - Total input paths to process : 1
2019-04-09 10:01:19,741 [JobControl] INFO  org.apache.pig.backend.hadoop.executionengine.util.MapRedUtil - Total input paths to process : 1
2019-04-09 10:01:19,741 [JobControl] INFO  org.apache.pig.backend.hadoop.executionengine.util.MapRedUtil - Total input paths (combined) to process : 1
2019-04-09 10:01:19,863 [Thread-15] INFO  org.apache.hadoop.mapred.Task -  Using ResourceCalculatorPlugin : org.apache.hadoop.util.LinuxResourceCalculatorPlugin@55894e90
2019-04-09 10:01:19,865 [Thread-15] INFO  org.apache.pig.backend.hadoop.executionengine.mapReduceLayer.PigRecordReader - Current split being processed file:/tmp/temp-2098504078/tmp1837145982/part-r-00000:0+78
2019-04-09 10:01:19,865 [Thread-15] INFO  org.apache.hadoop.mapred.MapTask - io.sort.mb = 100
2019-04-09 10:01:19,999 [Thread-15] INFO  org.apache.hadoop.mapred.MapTask - data buffer = 79691776/99614720
2019-04-09 10:01:20,000 [Thread-15] INFO  org.apache.hadoop.mapred.MapTask - record buffer = 262144/327680
2019-04-09 10:01:20,011 [Thread-15] INFO  org.apache.pig.impl.util.SpillableMemoryManager - Selected heap (PS Old Gen) of size 699400192 to monitor. collectionUsageThreshold = 489580128, usageThreshold = 489580128
2019-04-09 10:01:20,012 [Thread-15] WARN  org.apache.pig.data.SchemaTupleBackend - SchemaTupleBackend has already been initialized
2019-04-09 10:01:20,013 [Thread-15] INFO  org.apache.pig.backend.hadoop.executionengine.mapReduceLayer.PigGenericMapReduce$Map - Aliases being processed per job phase (AliasName[line,offset]): M: S[5,4],C[4,4] C: S[5,4],C[4,4] R: S[5,4]
2019-04-09 10:01:20,014 [Thread-15] INFO  org.apache.hadoop.mapred.MapTask - Starting flush of map output
2019-04-09 10:01:20,034 [Thread-15] INFO  org.apache.hadoop.mapred.MapTask - Finished spill 0
2019-04-09 10:01:20,041 [Thread-15] INFO  org.apache.hadoop.mapred.Task - Task:attempt_local_0004_m_000000_0 is done. And is in the process of commiting
2019-04-09 10:01:20,211 [main] INFO  org.apache.pig.backend.hadoop.executionengine.mapReduceLayer.MapReduceLauncher - HadoopJobId: job_local_0004
2019-04-09 10:01:20,211 [main] INFO  org.apache.pig.backend.hadoop.executionengine.mapReduceLayer.MapReduceLauncher - Processing aliases C,S
2019-04-09 10:01:20,211 [main] INFO  org.apache.pig.backend.hadoop.executionengine.mapReduceLayer.MapReduceLauncher - detailed locations: M: S[5,4],C[4,4] C: S[5,4],C[4,4] R: S[5,4]
2019-04-09 10:01:22,997 [Thread-15] INFO  org.apache.hadoop.mapred.LocalJobRunner - 
2019-04-09 10:01:22,998 [Thread-15] INFO  org.apache.hadoop.mapred.Task - Task 'attempt_local_0004_m_000000_0' done.
2019-04-09 10:01:23,001 [Thread-15] INFO  org.apache.hadoop.mapred.Task -  Using ResourceCalculatorPlugin : org.apache.hadoop.util.LinuxResourceCalculatorPlugin@74af8c87
2019-04-09 10:01:23,002 [Thread-15] INFO  org.apache.hadoop.mapred.LocalJobRunner - 
2019-04-09 10:01:23,002 [Thread-15] INFO  org.apache.hadoop.mapred.Merger - Merging 1 sorted segments
2019-04-09 10:01:23,002 [Thread-15] INFO  org.apache.hadoop.mapred.Merger - Down to the last merge-pass, with 1 segments left of total size: 90 bytes
2019-04-09 10:01:23,002 [Thread-15] INFO  org.apache.hadoop.mapred.LocalJobRunner - 
2019-04-09 10:01:23,063 [Thread-15] INFO  org.apache.pig.impl.util.SpillableMemoryManager - Selected heap (PS Old Gen) of size 699400192 to monitor. collectionUsageThreshold = 489580128, usageThreshold = 489580128
2019-04-09 10:01:23,064 [Thread-15] WARN  org.apache.pig.data.SchemaTupleBackend - SchemaTupleBackend has already been initialized
2019-04-09 10:01:23,066 [Thread-15] INFO  org.apache.pig.backend.hadoop.executionengine.mapReduceLayer.PigMapReduce$Reduce - Aliases being processed per job phase (AliasName[line,offset]): M: S[5,4],C[4,4] C: S[5,4],C[4,4] R: S[5,4]
2019-04-09 10:01:23,086 [Thread-15] INFO  org.apache.hadoop.mapred.Task - Task:attempt_local_0004_r_000000_0 is done. And is in the process of commiting
2019-04-09 10:01:23,087 [Thread-15] INFO  org.apache.hadoop.mapred.LocalJobRunner - 
2019-04-09 10:01:23,087 [Thread-15] INFO  org.apache.hadoop.mapred.Task - Task attempt_local_0004_r_000000_0 is allowed to commit now
2019-04-09 10:01:23,103 [Thread-15] INFO  org.apache.hadoop.mapreduce.lib.output.FileOutputCommitter - Saved output of task 'attempt_local_0004_r_000000_0' to file:/home/gshastri/project6/output
2019-04-09 10:01:23,215 [main] INFO  org.apache.pig.backend.hadoop.executionengine.mapReduceLayer.MapReduceLauncher - 75% complete
2019-04-09 10:01:23,215 [main] INFO  org.apache.pig.backend.hadoop.executionengine.mapReduceLayer.MapReduceLauncher - Running jobs are [job_local_0004]
2019-04-09 10:01:26,016 [Thread-15] INFO  org.apache.hadoop.mapred.LocalJobRunner - reduce > reduce
2019-04-09 10:01:26,017 [Thread-15] INFO  org.apache.hadoop.mapred.Task - Task 'attempt_local_0004_r_000000_0' done.
2019-04-09 10:01:26,218 [main] INFO  org.apache.pig.backend.hadoop.executionengine.mapReduceLayer.MapReduceLauncher - 100% complete
2019-04-09 10:01:26,219 [main] INFO  org.apache.pig.tools.pigstats.mapreduce.SimplePigStats - Script Statistics: 

HadoopVersion	PigVersion	UserId	StartedAt	FinishedAt	Features
1.0.4	0.16.0	gshastri	2019-04-09 10:01:16	2019-04-09 10:01:26	GROUP_BY

Success!

Job Stats (time in seconds):
JobId	Maps	Reduces	MaxMapTime	MinMapTime	AvgMapTime	MedianMapTime	MaxReduceTime	MinReduceTime	AvgReduceTime	MedianReducetime	Alias	Feature	Outputs
job_local_0003	1	1	n/a	n/a	n/a	n/a	n/a	n/a	n/a	n/a	GRP,IG,N	GROUP_BY,COMBINER	
job_local_0004	1	1	n/a	n/a	n/a	n/a	n/a	n/a	n/a	n/a	C,S	GROUP_BY,COMBINER	file:///home/gshastri/project6/output,

Input(s):
Successfully read 31 records from: "file:///home/gshastri/project6/small-graph.txt"

Output(s):
Successfully stored 5 records in: "file:///home/gshastri/project6/output"

Counters:
Total records written : 5
Total bytes written : 0
Spillable Memory Manager spill count : 0
Total bags proactively spilled: 0
Total records proactively spilled: 0

Job DAG:
job_local_0003	->	job_local_0004,
job_local_0004


2019-04-09 10:01:26,220 [main] INFO  org.apache.pig.backend.hadoop.executionengine.mapReduceLayer.MapReduceLauncher - Success!
2019-04-09 10:01:26,248 [main] INFO  org.apache.pig.Main - Pig script completed in 26 seconds and 353 milliseconds (26353 ms)
